Added Component: Designator=D1(LED-0)
Added Component: Designator=D2(LED-0)
Added Component: Designator=D3(LED-0)
Added Component: Designator=D4(LED-0)
Added Component: Designator=P1(HDR1X8)
Added Component: Designator=P2(HDR1X3)
Added Component: Designator=P3(HDR1X3)
Added Component: Designator=P4(HDR1X3)
Added Component: Designator=P5(HDR1X3)
Added Component: Designator=P6(HDR1X3)
Added Component: Designator=P7(HDR1X3)
Added Component: Designator=P8(HDR1X3)
Added Component: Designator=P9(HDR1X3)
Added Component: Designator=P10(HDR1X3)
Added Component: Designator=Q1(2N3904)
Added Component: Designator=Q2(2N3904)
Added Component: Designator=Q3(2N3904)
Added Component: Designator=Q4(2N3904)
Added Component: Designator=R1(AXIAL-0.3)
Added Component: Designator=R2(AXIAL-0.3)
Added Component: Designator=R3(AXIAL-0.3)
Added Component: Designator=R4(AXIAL-0.3)
Added Component: Designator=R5(AXIAL-0.3)
Added Component: Designator=R6(AXIAL-0.3)
Added Component: Designator=R7(AXIAL-0.3)
Added Component: Designator=R8(AXIAL-0.3)
Added Component: Designator=U1(N16E)
Added Component: Designator=U2(N16E)
Added Pin To Net: NetName=-5 Pin=P1-2
Added Pin To Net: NetName=-5 Pin=U1-7
Added Pin To Net: NetName=-5 Pin=U2-7
Added Net: Name=-5
Added Pin To Net: NetName=DEMUX_A Pin=P1-4
Added Pin To Net: NetName=DEMUX_A Pin=R3-1
Added Pin To Net: NetName=DEMUX_A Pin=U1-11
Added Pin To Net: NetName=DEMUX_A Pin=U2-11
Added Net: Name=DEMUX_A
Added Pin To Net: NetName=DEMUX_B Pin=P1-5
Added Pin To Net: NetName=DEMUX_B Pin=R4-1
Added Pin To Net: NetName=DEMUX_B Pin=U1-10
Added Pin To Net: NetName=DEMUX_B Pin=U2-10
Added Net: Name=DEMUX_B
Added Pin To Net: NetName=DEMUX_C Pin=P1-6
Added Pin To Net: NetName=DEMUX_C Pin=R7-1
Added Pin To Net: NetName=DEMUX_C Pin=U1-9
Added Pin To Net: NetName=DEMUX_C Pin=U2-9
Added Net: Name=DEMUX_C
Added Pin To Net: NetName=DEMUX_D Pin=R8-1
Added Net: Name=DEMUX_D
Added Pin To Net: NetName=DEMUX_EN Pin=P1-3
Added Pin To Net: NetName=DEMUX_EN Pin=U1-6
Added Pin To Net: NetName=DEMUX_EN Pin=U2-6
Added Net: Name=DEMUX_EN
Added Pin To Net: NetName=GND Pin=P1-7
Added Pin To Net: NetName=GND Pin=P1-8
Added Pin To Net: NetName=GND Pin=P2-3
Added Pin To Net: NetName=GND Pin=P3-3
Added Pin To Net: NetName=GND Pin=P4-3
Added Pin To Net: NetName=GND Pin=P5-3
Added Pin To Net: NetName=GND Pin=P6-3
Added Pin To Net: NetName=GND Pin=P7-3
Added Pin To Net: NetName=GND Pin=P8-3
Added Pin To Net: NetName=GND Pin=P9-3
Added Pin To Net: NetName=GND Pin=P10-3
Added Pin To Net: NetName=GND Pin=Q1-1
Added Pin To Net: NetName=GND Pin=Q2-1
Added Pin To Net: NetName=GND Pin=Q3-1
Added Pin To Net: NetName=GND Pin=Q4-1
Added Pin To Net: NetName=GND Pin=U1-8
Added Pin To Net: NetName=GND Pin=U2-8
Added Net: Name=GND
Added Pin To Net: NetName=NetD1_1 Pin=D1-1
Added Pin To Net: NetName=NetD1_1 Pin=R1-2
Added Net: Name=NetD1_1
Added Pin To Net: NetName=NetD1_2 Pin=D1-2
Added Pin To Net: NetName=NetD1_2 Pin=Q1-3
Added Net: Name=NetD1_2
Added Pin To Net: NetName=NetD2_1 Pin=D2-1
Added Pin To Net: NetName=NetD2_1 Pin=R2-2
Added Net: Name=NetD2_1
Added Pin To Net: NetName=NetD2_2 Pin=D2-2
Added Pin To Net: NetName=NetD2_2 Pin=Q2-3
Added Net: Name=NetD2_2
Added Pin To Net: NetName=NetD3_1 Pin=D3-1
Added Pin To Net: NetName=NetD3_1 Pin=R5-2
Added Net: Name=NetD3_1
Added Pin To Net: NetName=NetD3_2 Pin=D3-2
Added Pin To Net: NetName=NetD3_2 Pin=Q3-3
Added Net: Name=NetD3_2
Added Pin To Net: NetName=NetD4_1 Pin=D4-1
Added Pin To Net: NetName=NetD4_1 Pin=R6-2
Added Net: Name=NetD4_1
Added Pin To Net: NetName=NetD4_2 Pin=D4-2
Added Pin To Net: NetName=NetD4_2 Pin=Q4-3
Added Net: Name=NetD4_2
Added Pin To Net: NetName=NetQ1_2 Pin=Q1-2
Added Pin To Net: NetName=NetQ1_2 Pin=R3-2
Added Net: Name=NetQ1_2
Added Pin To Net: NetName=NetQ2_2 Pin=Q2-2
Added Pin To Net: NetName=NetQ2_2 Pin=R4-2
Added Net: Name=NetQ2_2
Added Pin To Net: NetName=NetQ3_2 Pin=Q3-2
Added Pin To Net: NetName=NetQ3_2 Pin=R7-2
Added Net: Name=NetQ3_2
Added Pin To Net: NetName=NetQ4_2 Pin=Q4-2
Added Pin To Net: NetName=NetQ4_2 Pin=R8-2
Added Net: Name=NetQ4_2
Added Pin To Net: NetName=PC_RING_-5V_SIG Pin=P2-2
Added Pin To Net: NetName=PC_RING_-5V_SIG Pin=U2-3
Added Net: Name=PC_RING_-5V_SIG
Added Pin To Net: NetName=PC_TIP_+5_SIG Pin=P2-1
Added Pin To Net: NetName=PC_TIP_+5_SIG Pin=U1-3
Added Net: Name=PC_TIP_+5_SIG
Added Pin To Net: NetName=SPEAKER1_RING_-5V_SIG Pin=P3-2
Added Pin To Net: NetName=SPEAKER1_RING_-5V_SIG Pin=U2-13
Added Net: Name=SPEAKER1_RING_-5V_SIG
Added Pin To Net: NetName=SPEAKER1_TIP_+5_SIG Pin=P3-1
Added Pin To Net: NetName=SPEAKER1_TIP_+5_SIG Pin=U1-13
Added Net: Name=SPEAKER1_TIP_+5_SIG
Added Pin To Net: NetName=SPEAKER2_RING_-5V_SIG Pin=P4-2
Added Pin To Net: NetName=SPEAKER2_RING_-5V_SIG Pin=U2-14
Added Net: Name=SPEAKER2_RING_-5V_SIG
Added Pin To Net: NetName=SPEAKER2_TIP_+5_SIG Pin=P4-1
Added Pin To Net: NetName=SPEAKER2_TIP_+5_SIG Pin=U1-14
Added Net: Name=SPEAKER2_TIP_+5_SIG
Added Pin To Net: NetName=SPEAKER3_RING_-5V_SIG Pin=P5-2
Added Pin To Net: NetName=SPEAKER3_RING_-5V_SIG Pin=U2-15
Added Net: Name=SPEAKER3_RING_-5V_SIG
Added Pin To Net: NetName=SPEAKER3_TIP_+5_SIG Pin=P5-1
Added Pin To Net: NetName=SPEAKER3_TIP_+5_SIG Pin=U1-15
Added Net: Name=SPEAKER3_TIP_+5_SIG
Added Pin To Net: NetName=SPEAKER4_RING_-5V_SIG Pin=P6-2
Added Pin To Net: NetName=SPEAKER4_RING_-5V_SIG Pin=U2-12
Added Net: Name=SPEAKER4_RING_-5V_SIG
Added Pin To Net: NetName=SPEAKER4_TIP_+5_SIG Pin=P6-1
Added Pin To Net: NetName=SPEAKER4_TIP_+5_SIG Pin=U1-12
Added Net: Name=SPEAKER4_TIP_+5_SIG
Added Pin To Net: NetName=SPEAKER5_RING_-5V_SIG Pin=P7-2
Added Pin To Net: NetName=SPEAKER5_RING_-5V_SIG Pin=U2-1
Added Net: Name=SPEAKER5_RING_-5V_SIG
Added Pin To Net: NetName=SPEAKER5_TIP_+5_SIG Pin=P7-1
Added Pin To Net: NetName=SPEAKER5_TIP_+5_SIG Pin=U1-1
Added Net: Name=SPEAKER5_TIP_+5_SIG
Added Pin To Net: NetName=SPEAKER6_RING_-5V_SIG Pin=P8-2
Added Pin To Net: NetName=SPEAKER6_RING_-5V_SIG Pin=U2-5
Added Net: Name=SPEAKER6_RING_-5V_SIG
Added Pin To Net: NetName=SPEAKER6_TIP_+5_SIG Pin=P8-1
Added Pin To Net: NetName=SPEAKER6_TIP_+5_SIG Pin=U1-5
Added Net: Name=SPEAKER6_TIP_+5_SIG
Added Pin To Net: NetName=SPEAKER7_RING_-5V_SIG Pin=P9-2
Added Pin To Net: NetName=SPEAKER7_RING_-5V_SIG Pin=U2-2
Added Net: Name=SPEAKER7_RING_-5V_SIG
Added Pin To Net: NetName=SPEAKER7_TIP_+5_SIG Pin=P9-1
Added Pin To Net: NetName=SPEAKER7_TIP_+5_SIG Pin=U1-2
Added Net: Name=SPEAKER7_TIP_+5_SIG
Added Pin To Net: NetName=SPEAKER8_RING_-5V_SIG Pin=P10-2
Added Pin To Net: NetName=SPEAKER8_RING_-5V_SIG Pin=U2-4
Added Net: Name=SPEAKER8_RING_-5V_SIG
Added Pin To Net: NetName=SPEAKER8_TIP_+5_SIG Pin=P10-1
Added Pin To Net: NetName=SPEAKER8_TIP_+5_SIG Pin=U1-4
Added Net: Name=SPEAKER8_TIP_+5_SIG
Added Pin To Net: NetName=VCC Pin=P1-1
Added Pin To Net: NetName=VCC Pin=R1-1
Added Pin To Net: NetName=VCC Pin=R2-1
Added Pin To Net: NetName=VCC Pin=R5-1
Added Pin To Net: NetName=VCC Pin=R6-1
Added Pin To Net: NetName=VCC Pin=U1-16
Added Pin To Net: NetName=VCC Pin=U2-16
Added Net: Name=VCC
Added Class: Name=SpeakerMixer
Added Room: Name=SpeakerMixer
