Removed Pin From Net: NetName=GND Pin=C5-1
Removed Pin From Net: NetName=VCC Pin=C5-2
Removed Pin From Net: NetName=GND Pin=P11-1
Removed Pin From Net: NetName=NetP20_2 Pin=P20-2
Removed Pin From Net: NetName=GND Pin=P21-1
Removed Pin From Net: NetName=NetP21_2 Pin=P21-2
Removed Pin From Net: NetName=NetP24_2 Pin=P24-2
Removed Pin From Net: NetName=GND Pin=P25-1
Removed Pin From Net: NetName=NetP25_2 Pin=P25-2
Removed Pin From Net: NetName=NetP28_2 Pin=P28-2
Removed Pin From Net: NetName=GND Pin=P29-1
Removed Pin From Net: NetName=NetP29_2 Pin=P29-2
Removed Pin From Net: NetName=NetP32_2 Pin=P32-2
Removed Pin From Net: NetName=GND Pin=P33-1
Removed Pin From Net: NetName=NetP33_2 Pin=P33-2
Removed Pin From Net: NetName=NetP1_2 Pin=R1-1
Removed Pin From Net: NetName=NetP2_2 Pin=R2-1
Removed Pin From Net: NetName=NetP3_2 Pin=R3-1
Removed Pin From Net: NetName=NetP4_2 Pin=R4-1
Removed Pin From Net: NetName=NetP5_2 Pin=R5-1
Removed Pin From Net: NetName=NetP6_2 Pin=R6-1
Removed Pin From Net: NetName=NetP7_2 Pin=R7-1
Removed Pin From Net: NetName=NetP8_2 Pin=R8-1
Removed Pin From Net: NetName=NetP9_2 Pin=R9-1
Removed Pin From Net: NetName=NetP10_2 Pin=R10-1
Removed Pin From Net: NetName=NetP12_2 Pin=R12-1
Removed Pin From Net: NetName=NetP14_2 Pin=R13-1
Removed Pin From Net: NetName=NetP15_2 Pin=R14-1
Removed Pin From Net: NetName=NetP16_2 Pin=R15-1
Removed Pin From Net: NetName=NetP17_2 Pin=R16-1
Removed Pin From Net: NetName=NetP18_2 Pin=R17-1
Removed Pin From Net: NetName=NetP19_2 Pin=R18-1
Removed Pin From Net: NetName=NetP20_2 Pin=R19-1
Removed Pin From Net: NetName=NetP21_2 Pin=R20-1
Removed Pin From Net: NetName=NetP22_2 Pin=R21-1
Removed Pin From Net: NetName=NetP23_2 Pin=R22-1
Removed Pin From Net: NetName=NetP24_2 Pin=R23-1
Removed Pin From Net: NetName=NetP25_2 Pin=R24-1
Removed Pin From Net: NetName=NetP26_2 Pin=R25-1
Removed Pin From Net: NetName=NetP27_2 Pin=R26-1
Removed Pin From Net: NetName=NetP28_2 Pin=R27-1
Removed Pin From Net: NetName=NetP29_2 Pin=R28-1
Removed Pin From Net: NetName=NetP30_2 Pin=R29-1
Removed Pin From Net: NetName=NetP31_2 Pin=R30-1
Removed Pin From Net: NetName=NetP32_2 Pin=R31-1
Removed Pin From Net: NetName=NetP33_2 Pin=R32-1
Removed Pin From Net: NetName=NetP9_2 Pin=U1-1
Removed Pin From Net: NetName=NetP14_2 Pin=U1-2
Removed Pin From Net: NetName=NetP16_2 Pin=U1-4
Removed Pin From Net: NetName=NetP7_2 Pin=U1-12
Removed Pin From Net: NetName=NetP3_2 Pin=U1-14
Removed Pin From Net: NetName=NetP5_2 Pin=U1-15
Removed Pin From Net: NetName=NetP10_2 Pin=U2-1
Removed Pin From Net: NetName=NetP15_2 Pin=U2-2
Removed Pin From Net: NetName=NetP12_2 Pin=U2-5
Removed Pin From Net: NetName=NetP8_2 Pin=U2-12
Removed Pin From Net: NetName=NetP2_2 Pin=U2-13
Removed Pin From Net: NetName=NetP4_2 Pin=U2-14
Removed Pin From Net: NetName=NetP6_2 Pin=U2-15
Removed Pin From Net: NetName=ANALOG_OUT_3 Pin=U3-3
Removed Pin From Net: NetName=NetP32_2 Pin=U3-4
Removed Pin From Net: NetName=NetP28_2 Pin=U3-5
Removed Pin From Net: NetName=NetP24_2 Pin=U3-12
Removed Pin From Net: NetName=NetP20_2 Pin=U3-14
Removed Pin From Net: NetName=NetP27_2 Pin=U4-1
Removed Pin From Net: NetName=NetP31_2 Pin=U4-2
Removed Pin From Net: NetName=ANALOG_OUT_4 Pin=U4-3
Removed Pin From Net: NetName=NetP33_2 Pin=U4-4
Removed Pin From Net: NetName=NetP29_2 Pin=U4-5
Removed Pin From Net: NetName=CHANNEL_DEMUX_EN Pin=U4-6
Removed Pin From Net: NetName=GND Pin=U4-7
Removed Pin From Net: NetName=GND Pin=U4-8
Removed Pin From Net: NetName=CHANNEL_DEMUX_C Pin=U4-9
Removed Pin From Net: NetName=CHANNEL_DEMUX_B Pin=U4-10
Removed Pin From Net: NetName=CHANNEL_DEMUX_A Pin=U4-11
Removed Pin From Net: NetName=NetP25_2 Pin=U4-12
Removed Pin From Net: NetName=NetP19_2 Pin=U4-13
Removed Pin From Net: NetName=NetP21_2 Pin=U4-14
Removed Pin From Net: NetName=NetP23_2 Pin=U4-15
Removed Pin From Net: NetName=VCC Pin=U4-16
Change Component Designator: OldDesignator=P13 NewDesignator=P11
Change Component Designator: OldDesignator=P20 NewDesignator=P21
Change Component Designator: OldDesignator=P24 NewDesignator=P25
Change Component Designator: OldDesignator=P28 NewDesignator=P29
Change Component Designator: OldDesignator=P32 NewDesignator=P33
Change Component Designator: OldDesignator=R19 NewDesignator=R20
Change Component Designator: OldDesignator=R23 NewDesignator=R24
Change Component Designator: OldDesignator=R27 NewDesignator=R28
Change Component Designator: OldDesignator=R31 NewDesignator=R32
Added Component: Designator=C5(RAD-0.3)
Added Component: Designator=P13(HDR1X2)
Added Component: Designator=P20(HDR1X2)
Added Component: Designator=P24(HDR1X2)
Added Component: Designator=P28(HDR1X2)
Added Component: Designator=P32(HDR1X2)
Added Component: Designator=R19(AXIAL-0.3)
Added Component: Designator=R23(AXIAL-0.3)
Added Component: Designator=R27(AXIAL-0.3)
Added Component: Designator=R31(AXIAL-0.3)
Added Component: Designator=U4(N16E)
Added Pin To Net: NetName=GND Pin=C5-1
Added Pin To Net: NetName=VCC Pin=C5-2
Added Pin To Net: NetName=GND Pin=P13-1
Added Pin To Net: NetName=GND Pin=P20-1
Added Pin To Net: NetName=NetP20_2 Pin=P20-2
Added Pin To Net: NetName=NetP21_2 Pin=P21-2
Added Pin To Net: NetName=GND Pin=P24-1
Added Pin To Net: NetName=NetP24_2 Pin=P24-2
Added Pin To Net: NetName=NetP25_2 Pin=P25-2
Added Pin To Net: NetName=GND Pin=P28-1
Added Pin To Net: NetName=NetP28_2 Pin=P28-2
Added Pin To Net: NetName=NetP29_2 Pin=P29-2
Added Pin To Net: NetName=GND Pin=P32-1
Added Pin To Net: NetName=NetP32_2 Pin=P32-2
Added Pin To Net: NetName=NetP33_2 Pin=P33-2
Added Pin To Net: NetName=NetP1_2 Pin=R1-2
Added Pin To Net: NetName=NetP2_2 Pin=R2-2
Added Pin To Net: NetName=NetP3_2 Pin=R3-2
Added Pin To Net: NetName=NetP4_2 Pin=R4-2
Added Pin To Net: NetName=NetP5_2 Pin=R5-2
Added Pin To Net: NetName=NetP6_2 Pin=R6-2
Added Pin To Net: NetName=NetP8_2 Pin=R7-2
Added Pin To Net: NetName=NetP7_2 Pin=R8-2
Added Pin To Net: NetName=NetP9_2 Pin=R9-2
Added Pin To Net: NetName=NetP10_2 Pin=R10-2
Added Pin To Net: NetName=NetP12_2 Pin=R11-2
Added Pin To Net: NetName=NetP14_2 Pin=R13-2
Added Pin To Net: NetName=NetP15_2 Pin=R14-2
Added Pin To Net: NetName=NetP16_2 Pin=R15-2
Added Pin To Net: NetName=NetP17_2 Pin=R16-2
Added Pin To Net: NetName=NetP18_2 Pin=R17-2
Added Pin To Net: NetName=NetP19_2 Pin=R18-2
Added Pin To Net: NetName=NetP20_2 Pin=R19-2
Added Pin To Net: NetName=NetP21_2 Pin=R20-2
Added Pin To Net: NetName=NetP22_2 Pin=R21-2
Added Pin To Net: NetName=NetP23_2 Pin=R22-2
Added Pin To Net: NetName=NetP24_2 Pin=R23-2
Added Pin To Net: NetName=NetP25_2 Pin=R24-2
Added Pin To Net: NetName=NetP26_2 Pin=R25-2
Added Pin To Net: NetName=NetP27_2 Pin=R26-2
Added Pin To Net: NetName=NetP28_2 Pin=R27-2
Added Pin To Net: NetName=NetP29_2 Pin=R28-2
Added Pin To Net: NetName=NetP30_2 Pin=R29-2
Added Pin To Net: NetName=NetP31_2 Pin=R30-2
Added Pin To Net: NetName=NetP32_2 Pin=R31-2
Added Pin To Net: NetName=NetP33_2 Pin=R32-2
Added Pin To Net: NetName=NetP8_2 Pin=U1-1
Added Pin To Net: NetName=NetP15_2 Pin=U1-4
Added Pin To Net: NetName=NetP10_2 Pin=U1-5
Added Pin To Net: NetName=NetP6_2 Pin=U1-12
Added Pin To Net: NetName=NetP2_2 Pin=U1-14
Added Pin To Net: NetName=NetP4_2 Pin=U1-15
Added Pin To Net: NetName=NetP12_2 Pin=U2-1
Added Pin To Net: NetName=NetP16_2 Pin=U2-2
Added Pin To Net: NetName=NetP14_2 Pin=U2-5
Added Pin To Net: NetName=NetP9_2 Pin=U2-12
Added Pin To Net: NetName=NetP3_2 Pin=U2-13
Added Pin To Net: NetName=NetP5_2 Pin=U2-14
Added Pin To Net: NetName=NetP7_2 Pin=U2-15
Added Pin To Net: NetName=ANALOG_OUT_4 Pin=U3-3
Added Pin To Net: NetName=NetP31_2 Pin=U3-4
Added Pin To Net: NetName=NetP27_2 Pin=U3-5
Added Pin To Net: NetName=NetP23_2 Pin=U3-12
Added Pin To Net: NetName=NetP19_2 Pin=U3-14
Added Pin To Net: NetName=NetP28_2 Pin=U4-1
Added Pin To Net: NetName=NetP32_2 Pin=U4-2
Added Pin To Net: NetName=ANALOG_OUT_3 Pin=U4-3
Added Pin To Net: NetName=NetP33_2 Pin=U4-4
Added Pin To Net: NetName=NetP29_2 Pin=U4-5
Added Pin To Net: NetName=CHANNEL_DEMUX_EN Pin=U4-6
Added Pin To Net: NetName=GND Pin=U4-7
Added Pin To Net: NetName=GND Pin=U4-8
Added Pin To Net: NetName=CHANNEL_DEMUX_C Pin=U4-9
Added Pin To Net: NetName=CHANNEL_DEMUX_B Pin=U4-10
Added Pin To Net: NetName=CHANNEL_DEMUX_A Pin=U4-11
Added Pin To Net: NetName=NetP25_2 Pin=U4-12
Added Pin To Net: NetName=NetP20_2 Pin=U4-13
Added Pin To Net: NetName=NetP21_2 Pin=U4-14
Added Pin To Net: NetName=NetP24_2 Pin=U4-15
Added Pin To Net: NetName=VCC Pin=U4-16
Added Pin To Net: NetName=+12V Pin=C3-2
Added Pin To Net: NetName=+12V Pin=P11-1
Added Pin To Net: NetName=+12V Pin=R1-1
Added Pin To Net: NetName=+12V Pin=R2-1
Added Pin To Net: NetName=+12V Pin=R3-1
Added Pin To Net: NetName=+12V Pin=R4-1
Added Pin To Net: NetName=+12V Pin=R5-1
Added Pin To Net: NetName=+12V Pin=R6-1
Added Pin To Net: NetName=+12V Pin=R7-1
Added Pin To Net: NetName=+12V Pin=R8-1
Added Pin To Net: NetName=+12V Pin=R9-1
Added Pin To Net: NetName=+12V Pin=R10-1
Added Pin To Net: NetName=+12V Pin=R11-1
Added Pin To Net: NetName=+12V Pin=R12-1
Added Pin To Net: NetName=+12V Pin=R13-1
Added Pin To Net: NetName=+12V Pin=R14-1
Added Pin To Net: NetName=+12V Pin=R15-1
Added Pin To Net: NetName=+12V Pin=R16-1
Added Pin To Net: NetName=+12V Pin=R17-1
Added Pin To Net: NetName=+12V Pin=R18-1
Added Pin To Net: NetName=+12V Pin=R19-1
Added Pin To Net: NetName=+12V Pin=R20-1
Added Pin To Net: NetName=+12V Pin=R21-1
Added Pin To Net: NetName=+12V Pin=R22-1
Added Pin To Net: NetName=+12V Pin=R23-1
Added Pin To Net: NetName=+12V Pin=R24-1
Added Pin To Net: NetName=+12V Pin=R25-1
Added Pin To Net: NetName=+12V Pin=R26-1
Added Pin To Net: NetName=+12V Pin=R27-1
Added Pin To Net: NetName=+12V Pin=R28-1
Added Pin To Net: NetName=+12V Pin=R29-1
Added Pin To Net: NetName=+12V Pin=R30-1
Added Pin To Net: NetName=+12V Pin=R31-1
Added Pin To Net: NetName=+12V Pin=R32-1
Added Net: Name=+12V
Added Pin To Net: NetName=NetP13_2 Pin=P13-2
Added Pin To Net: NetName=NetP13_2 Pin=R12-2
Added Pin To Net: NetName=NetP13_2 Pin=U1-2
Added Net: Name=NetP13_2
