Added Parameter Price=0.01 to Part D1
Added Parameter Price=0.01 to Part D2
Added Parameter Price=0.01 to Part D3
Added Parameter Price=0.01 to Part D4
Added Parameter Price=0.01 to Part D5
Added Parameter Price=0.01 to Part D6
Added Parameter Price=0.01 to Part D7
Added Parameter Price=0.01 to Part D8
Added Parameter Price=0.01 to Part D9
Added Parameter Price=0.01 to Part D10
Added Parameter Price=0.01 to Part D11
Added Parameter Price=0.01 to Part D12
Added Parameter Price=0.01 to Part D15
Added Parameter Price=0.01 to Part D16
Added Parameter Price=0.01 to Part D17
Added Parameter Price=0.01 to Part D18
Added Parameter Value=1K to Part R38
Added Parameter Value=1K to Part R40
Added Parameter Value=1N4001 to Part D1
Added Parameter Value=1N4001 to Part D2
Added Parameter Value=1N4001 to Part D3
Added Parameter Value=1N4001 to Part D4
Added Parameter Value=1N4001 to Part D5
Added Parameter Value=1N4001 to Part D6
Added Parameter Value=1N4001 to Part D7
Added Parameter Value=1N4001 to Part D8
Added Parameter Value=1N4001 to Part D9
Added Parameter Value=1N4001 to Part D10
Added Parameter Value=1N4001 to Part D11
Added Parameter Value=1N4001 to Part D12
Added Parameter Value=1N4001 to Part D15
Added Parameter Value=1N4001 to Part D16
Added Parameter Value=1N4001 to Part D17
Added Parameter Value=1N4001 to Part D18
Added Parameter Value=2N3904 to Part Q1
Added Parameter Value=2N3904 to Part Q2
Added Parameter Value=2N3904 to Part Q3
Added Parameter Value=2N3904 to Part Q4
Added Parameter Value=2N3904 to Part Q5
Added Parameter Value=2N3904 to Part Q6
Added Parameter Value=2N3904 to Part Q7
Added Parameter Value=2N3904 to Part Q8
Added Parameter Value=2N3904 to Part Q9
Added Parameter Value=2N3904 to Part Q10
Added Parameter Value=2N3904 to Part Q11
Added Parameter Value=2N3904 to Part Q12
Added Parameter Value=2N3904 to Part Q13
Added Parameter Value=2N3904 to Part Q14
Added Parameter Value=2N3904 to Part Q15
Added Parameter Value=2N3904 to Part Q16
Added Parameter Value=2N3904 to Part Q17
Added Parameter Value=2N3904 to Part Q18
Added Parameter Value=2N3904 to Part Q19
Added Parameter Value=2N3904 to Part Q20
Added Parameter Value=D Connector 9 to Part J1
Added Parameter Value=D Connector 9 to Part J2
Added Parameter Value=D Connector 9 to Part J3
Added Parameter Value=D Connector 9 to Part J4
Added Parameter Value=Header 2 to Part P2
Added Parameter Value=Header 4 to Part P1
Added Parameter Value=Header 7 to Part P3
Added Parameter Value=LED0 to Part D13
Added Parameter Value=LED0 to Part D14
Added Parameter Value=LED0 to Part D19
Added Parameter Value=LED0 to Part D20
Added Parameter Value=SPDT to Part K1
Added Parameter Value=SPDT to Part K2
Added Parameter Value=SPDT to Part K3
Added Parameter Value=SPDT to Part K4
Added Parameter Value=SPDT to Part K5
Added Parameter Value=SPDT to Part K6
Added Parameter Value=SPDT to Part K7
Added Parameter Value=SPDT to Part K8
Added Parameter Value=SPDT to Part K9
Added Parameter Value=SPDT to Part K10
Added Parameter Value=SPDT to Part K11
Added Parameter Value=SPDT to Part K12
Added Parameter Value=SPDT to Part K13
Added Parameter Value=SPDT to Part K14
Added Parameter Value=SPDT to Part K15
Added Parameter Value=SPDT to Part K16
Added Parameter Vendor=Taydaelectronics to Part D1
Added Parameter Vendor=Taydaelectronics to Part D2
Added Parameter Vendor=Taydaelectronics to Part D3
Added Parameter Vendor=Taydaelectronics to Part D4
Added Parameter Vendor=Taydaelectronics to Part D5
Added Parameter Vendor=Taydaelectronics to Part D6
Added Parameter Vendor=Taydaelectronics to Part D7
Added Parameter Vendor=Taydaelectronics to Part D8
Added Parameter Vendor=Taydaelectronics to Part D9
Added Parameter Vendor=Taydaelectronics to Part D10
Added Parameter Vendor=Taydaelectronics to Part D11
Added Parameter Vendor=Taydaelectronics to Part D12
Added Parameter Vendor=Taydaelectronics to Part D15
Added Parameter Vendor=Taydaelectronics to Part D16
Added Parameter Vendor=Taydaelectronics to Part D17
Added Parameter Vendor=Taydaelectronics to Part D18
