Added Parameter Price=0.01 to Part D15
Added Parameter Price=0.01 to Part D16
Added Parameter Price=0.01 to Part D17
Added Parameter Price=0.01 to Part D18
Added Parameter Price=0.01 to Part R1
Added Parameter Price=0.01 to Part R2
Added Parameter Price=0.01 to Part R3
Added Parameter Price=0.01 to Part R4
Added Parameter Price=0.01 to Part R5
Added Parameter Price=0.01 to Part R6
Added Parameter Price=0.01 to Part R7
Added Parameter Price=0.01 to Part R8
Added Parameter Price=0.01 to Part R9
Added Parameter Price=0.01 to Part R10
Added Parameter Price=0.01 to Part R11
Added Parameter Price=0.01 to Part R12
Added Parameter Price=0.01 to Part R13
Added Parameter Price=0.01 to Part R14
Added Parameter Price=0.01 to Part R15
Added Parameter Price=0.01 to Part R16
Added Parameter Price=0.01 to Part R17
Added Parameter Price=0.01 to Part R18
Added Parameter Price=0.01 to Part R19
Added Parameter Price=0.01 to Part R20
Added Parameter Price=0.01 to Part R21
Added Parameter Price=0.01 to Part R22
Added Parameter Price=0.01 to Part R23
Added Parameter Price=0.01 to Part R24
Added Parameter Price=0.01 to Part R25
Added Parameter Price=0.01 to Part R26
Added Parameter Price=0.01 to Part R27
Added Parameter Price=0.01 to Part R28
Added Parameter Price=0.01 to Part R29
Added Parameter Price=0.01 to Part R30
Added Parameter Price=0.01 to Part R31
Added Parameter Price=0.01 to Part R32
Added Parameter Price=0.01 to Part R33
Added Parameter Price=0.01 to Part R34
Added Parameter Price=0.01 to Part R35
Added Parameter Price=0.01 to Part R36
Added Parameter Price=0.01 to Part R37
Added Parameter Price=0.01 to Part R38
Added Parameter Price=0.01 to Part R39
Added Parameter Price=0.01 to Part R40
Added Parameter Price=0.02 to Part P2
Added Parameter Price=0.04 to Part D19
Added Parameter Price=0.04 to Part D20
Added Parameter Price=0.04 to Part P1
Added Parameter Price=0.07 to Part P3
Added Parameter Price=0.48 to Part J1
Added Parameter Price=0.48 to Part J2
Added Parameter Price=0.48 to Part J3
Added Parameter Price=0.48 to Part J4
Added Parameter Value=10K to Part R18
Added Parameter Vendor=Taydaelectronics to Part D1
Added Parameter Vendor=Taydaelectronics to Part D2
Added Parameter Vendor=Taydaelectronics to Part D3
Added Parameter Vendor=Taydaelectronics to Part D4
Added Parameter Vendor=Taydaelectronics to Part D5
Added Parameter Vendor=Taydaelectronics to Part D6
Added Parameter Vendor=Taydaelectronics to Part D7
Added Parameter Vendor=Taydaelectronics to Part D8
Added Parameter Vendor=Taydaelectronics to Part D9
Added Parameter Vendor=Taydaelectronics to Part D10
Added Parameter Vendor=Taydaelectronics to Part D11
Added Parameter Vendor=Taydaelectronics to Part D12
Added Parameter Vendor=Taydaelectronics to Part D13
Added Parameter Vendor=Taydaelectronics to Part D14
Added Parameter Vendor=Taydaelectronics to Part D15
Added Parameter Vendor=Taydaelectronics to Part D16
Added Parameter Vendor=Taydaelectronics to Part D17
Added Parameter Vendor=Taydaelectronics to Part D18
Added Parameter Vendor=Taydaelectronics to Part D19
Added Parameter Vendor=Taydaelectronics to Part D20
Added Parameter Vendor=Taydaelectronics to Part J1
Added Parameter Vendor=Taydaelectronics to Part J2
Added Parameter Vendor=Taydaelectronics to Part J3
Added Parameter Vendor=Taydaelectronics to Part J4
Added Parameter Vendor=Taydaelectronics to Part K1
Added Parameter Vendor=Taydaelectronics to Part K2
Added Parameter Vendor=Taydaelectronics to Part K3
Added Parameter Vendor=Taydaelectronics to Part K4
Added Parameter Vendor=Taydaelectronics to Part K5
Added Parameter Vendor=Taydaelectronics to Part K6
Added Parameter Vendor=Taydaelectronics to Part K7
Added Parameter Vendor=Taydaelectronics to Part K8
Added Parameter Vendor=Taydaelectronics to Part K9
Added Parameter Vendor=Taydaelectronics to Part K10
Added Parameter Vendor=Taydaelectronics to Part K11
Added Parameter Vendor=Taydaelectronics to Part K12
Added Parameter Vendor=Taydaelectronics to Part K13
Added Parameter Vendor=Taydaelectronics to Part K14
Added Parameter Vendor=Taydaelectronics to Part K15
Added Parameter Vendor=Taydaelectronics to Part K16
Added Parameter Vendor=Taydaelectronics to Part P1
Added Parameter Vendor=Taydaelectronics to Part P2
Added Parameter Vendor=Taydaelectronics to Part P3
Added Parameter Vendor=Taydaelectronics to Part R1
Added Parameter Vendor=Taydaelectronics to Part R2
Added Parameter Vendor=Taydaelectronics to Part R3
Added Parameter Vendor=Taydaelectronics to Part R4
Added Parameter Vendor=Taydaelectronics to Part R5
Added Parameter Vendor=Taydaelectronics to Part R6
Added Parameter Vendor=Taydaelectronics to Part R7
Added Parameter Vendor=Taydaelectronics to Part R8
Added Parameter Vendor=Taydaelectronics to Part R9
Added Parameter Vendor=Taydaelectronics to Part R10
Added Parameter Vendor=Taydaelectronics to Part R11
Added Parameter Vendor=Taydaelectronics to Part R12
Added Parameter Vendor=Taydaelectronics to Part R13
Added Parameter Vendor=Taydaelectronics to Part R14
Added Parameter Vendor=Taydaelectronics to Part R15
Added Parameter Vendor=Taydaelectronics to Part R16
Added Parameter Vendor=Taydaelectronics to Part R17
Added Parameter Vendor=Taydaelectronics to Part R18
Added Parameter Vendor=Taydaelectronics to Part R19
Added Parameter Vendor=Taydaelectronics to Part R20
Added Parameter Vendor=Taydaelectronics to Part R21
Added Parameter Vendor=Taydaelectronics to Part R22
Added Parameter Vendor=Taydaelectronics to Part R23
Added Parameter Vendor=Taydaelectronics to Part R24
Added Parameter Vendor=Taydaelectronics to Part R25
Added Parameter Vendor=Taydaelectronics to Part R26
Added Parameter Vendor=Taydaelectronics to Part R27
Added Parameter Vendor=Taydaelectronics to Part R28
Added Parameter Vendor=Taydaelectronics to Part R29
Added Parameter Vendor=Taydaelectronics to Part R30
Added Parameter Vendor=Taydaelectronics to Part R31
Added Parameter Vendor=Taydaelectronics to Part R32
Added Parameter Vendor=Taydaelectronics to Part R33
Added Parameter Vendor=Taydaelectronics to Part R34
Added Parameter Vendor=Taydaelectronics to Part R35
Added Parameter Vendor=Taydaelectronics to Part R36
Added Parameter Vendor=Taydaelectronics to Part R37
Added Parameter Vendor=Taydaelectronics to Part R38
Added Parameter Vendor=Taydaelectronics to Part R39
Added Parameter Vendor=Taydaelectronics to Part R40
