Added Parameter Price=0.01 to Part D5
Added Parameter Price=0.01 to Part D6
Added Parameter Price=0.01 to Part D7
Added Parameter Price=0.01 to Part D8
Added Parameter Price=0.01 to Part D9
Added Parameter Price=0.01 to Part D10
Added Parameter Price=0.01 to Part D11
Added Parameter Value=1N4001 to Part D5
Added Parameter Value=1N4001 to Part D6
Added Parameter Value=1N4001 to Part D7
Added Parameter Value=1N4001 to Part D8
Added Parameter Value=1N4001 to Part D9
Added Parameter Value=1N4001 to Part D10
Added Parameter Value=1N4001 to Part D11
Added Parameter Value=2N3904 to Part Q1
Added Parameter Value=2N3904 to Part Q2
Added Parameter Value=2N3904 to Part Q3
Added Parameter Value=2N3904 to Part Q4
Added Parameter Value=2N3904 to Part Q5
Added Parameter Value=2N3904 to Part Q6
Added Parameter Value=2N3904 to Part Q7
Added Parameter Value=D Connector 9 to Part J1
Added Parameter Value=Header 2 to Part P1
Added Parameter Value=Header 3 to Part P2
Added Parameter Value=Header 7 to Part P3
Added Parameter Value=LED0 to Part D1
Added Parameter Value=LED0 to Part D2
Added Parameter Value=LED0 to Part D3
Added Parameter Value=LED0 to Part D4
Added Parameter Value=OptoCoupler to Part U1
Added Parameter Value=OptoCoupler to Part U3
Added Parameter Value=OptoCoupler to Part U4
Added Parameter Value=SN7416N to Part U2
Added Parameter Value=SN7416N to Part U2
Added Parameter Value=SN7416N to Part U2
Added Parameter Value=SN7416N to Part U2
Added Parameter Value=SN7416N to Part U2
Added Parameter Value=SN7416N to Part U2
Added Parameter Value=SPDT to Part K1
Added Parameter Value=SPDT to Part K2
Added Parameter Value=SPDT to Part K3
Added Parameter Value=SPDT to Part K4
Added Parameter Value=SPDT to Part K5
Added Parameter Value=SPDT to Part K6
Added Parameter Value=SPDT to Part K7
Added Parameter Vendor=Taydaelectronics to Part D5
Added Parameter Vendor=Taydaelectronics to Part D6
Added Parameter Vendor=Taydaelectronics to Part D7
Added Parameter Vendor=Taydaelectronics to Part D8
Added Parameter Vendor=Taydaelectronics to Part D9
Added Parameter Vendor=Taydaelectronics to Part D10
Added Parameter Vendor=Taydaelectronics to Part D11
