Change Component Parameter Comment in D1 Old= New=1N4001
Change Component Parameter Comment in D2 Old= New=1N4001
Added Parameter Price=0.00 to Part P7
Added Parameter Price=0.01 to Part D3
Added Parameter Price=0.01 to Part D4
Added Parameter Price=0.01 to Part D5
Added Parameter Price=0.01 to Part D6
Added Parameter Price=0.01 to Part D7
Added Parameter Price=0.02 to Part P12
Added Parameter Price=0.03 to Part C5
Added Parameter Price=0.03 to Part C6
Added Parameter Price=0.03 to Part C7
Added Parameter Price=0.03 to Part C8
Added Parameter Price=0.03 to Part C9
Added Parameter Value=1N4001 to Part D1
Added Parameter Value=1N4001 to Part D2
Added Parameter Value=1N4001 to Part D3
Added Parameter Value=1N4001 to Part D4
Added Parameter Value=1N4001 to Part D5
Added Parameter Value=1N4001 to Part D6
Added Parameter Value=1N4001 to Part D7
Added Parameter Value=2N3904 to Part Q1
Added Parameter Value=2N3904 to Part Q2
Added Parameter Value=2N3904 to Part Q3
Added Parameter Value=2N3904 to Part Q4
Added Parameter Value=2N3904 to Part Q5
Added Parameter Value=D Connector 9 to Part J1
Added Parameter Value=D Connector 9 to Part J2
Added Parameter Value=D Connector 9 to Part J3
Added Parameter Value=D Connector 9 to Part J4
Added Parameter Value=D Connector 9 to Part J5
Added Parameter Value=Header 2 to Part P3
Added Parameter Value=Header 2 to Part P9
Added Parameter Value=Header 2 to Part P12
Added Parameter Value=Header 3 to Part P11
Added Parameter Value=Header 4 to Part P1
Added Parameter Value=Header 5 to Part P2
Added Parameter Value=Header 5 to Part P5
Added Parameter Value=Header 5 to Part P8
Added Parameter Value=Header 5 to Part P14
Added Parameter Value=Header 5 to Part P16
Added Parameter Value=Header 5 to Part P17
Added Parameter Value=Header 5 to Part P18
Added Parameter Value=Header 5 to Part P19
Added Parameter Value=Header 6 to Part P4
Added Parameter Value=Header 6 to Part P10
Added Parameter Value=Header 7 to Part P6
Added Parameter Value=Header 9 to Part P13
Added Parameter Value=Header 9 to Part P15
Added Parameter Value=L7805CP to Part VR2
Added Parameter Value=L7812CP to Part VR1
Added Parameter Value=Plug to Part P7
Added Parameter Value=SN74HC154NT to Part U3
Added Parameter Value=SN7416N to Part U1
Added Parameter Value=SN7416N to Part U1
Added Parameter Value=SN7416N to Part U1
Added Parameter Value=SN7416N to Part U1
Added Parameter Value=SN7416N to Part U1
Added Parameter Value=SN7416N to Part U1
Added Parameter Value=SN7416N to Part U2
Added Parameter Value=SN7416N to Part U2
Added Parameter Value=SN7416N to Part U2
Added Parameter Value=SN7416N to Part U2
Added Parameter Value=SN7416N to Part U2
Added Parameter Value=SN7416N to Part U2
Added Parameter Value=SN7416N to Part U5
Added Parameter Value=SN7416N to Part U5
Added Parameter Value=SN7416N to Part U5
Added Parameter Value=SN7416N to Part U5
Added Parameter Value=Teensy2.0++ to Part U4
Added Parameter Vendor=Taydaelectronics to Part C5
Added Parameter Vendor=Taydaelectronics to Part C6
Added Parameter Vendor=Taydaelectronics to Part C7
Added Parameter Vendor=Taydaelectronics to Part C8
Added Parameter Vendor=Taydaelectronics to Part C9
Added Parameter Vendor=Taydaelectronics to Part D3
Added Parameter Vendor=Taydaelectronics to Part D4
Added Parameter Vendor=Taydaelectronics to Part D5
Added Parameter Vendor=Taydaelectronics to Part D6
Added Parameter Vendor=Taydaelectronics to Part D7
Added Parameter Vendor=Taydaelectronics to Part P7
Added Parameter Vendor=Taydaelectronics to Part P12
