Removed Parameter ComponentLink1Description:Manufacturer Link from Part D1
Removed Parameter ComponentLink1Description:Manufacturer Link from Part D2
Removed Parameter ComponentLink1Description:Manufacturer Link from Part Q1
Removed Parameter ComponentLink1Description:Manufacturer Link from Part Q2
Removed Parameter ComponentLink1Description:Manufacturer Link from Part Q3
Removed Parameter ComponentLink1Description:Manufacturer Link from Part Q4
Removed Parameter ComponentLink1Description:Manufacturer Link from Part Q5
Removed Parameter ComponentLink1Description:Manufacturer Link from Part U1
Removed Parameter ComponentLink1Description:Manufacturer Link from Part U1
Removed Parameter ComponentLink1Description:Manufacturer Link from Part U1
Removed Parameter ComponentLink1Description:Manufacturer Link from Part U1
Removed Parameter ComponentLink1Description:Manufacturer Link from Part U1
Removed Parameter ComponentLink1Description:Manufacturer Link from Part U1
Removed Parameter ComponentLink1Description:Manufacturer Link from Part U2
Removed Parameter ComponentLink1Description:Manufacturer Link from Part U2
Removed Parameter ComponentLink1Description:Manufacturer Link from Part U2
Removed Parameter ComponentLink1Description:Manufacturer Link from Part U2
Removed Parameter ComponentLink1Description:Manufacturer Link from Part U2
Removed Parameter ComponentLink1Description:Manufacturer Link from Part U2
Removed Parameter ComponentLink1Description:Manufacturer Link from Part U3
Removed Parameter ComponentLink1Description:Manufacturer Link from Part U4
Removed Parameter ComponentLink1Description:Manufacturer Link from Part U4
Removed Parameter ComponentLink1Description:Manufacturer Link from Part U4
Removed Parameter ComponentLink1Description:Manufacturer Link from Part U4
Removed Parameter ComponentLink1Description:Manufacturer Link from Part VR1
Removed Parameter ComponentLink1Description:Manufacturer Link from Part VR2
Added Parameter Price=0.01 to Part Q1
Added Parameter Price=0.01 to Part Q2
Added Parameter Price=0.01 to Part Q3
Added Parameter Price=0.01 to Part Q4
Added Parameter Price=0.01 to Part Q5
Added Parameter Price=0.03 to Part C1
Added Parameter Price=0.03 to Part C2
Added Parameter Price=0.03 to Part C3
Added Parameter Price=0.03 to Part C4
Added Parameter Price=3.70 to Part U3
Added Parameter Vendor=Digi-Key to Part U3
Added Parameter Vendor=Taydaelectronics to Part C1
Added Parameter Vendor=Taydaelectronics to Part C2
Added Parameter Vendor=Taydaelectronics to Part C3
Added Parameter Vendor=Taydaelectronics to Part C4
Added Parameter Vendor=Taydaelectronics to Part Q1
Added Parameter Vendor=Taydaelectronics to Part Q2
Added Parameter Vendor=Taydaelectronics to Part Q3
Added Parameter Vendor=Taydaelectronics to Part Q4
Added Parameter Vendor=Taydaelectronics to Part Q5
