Added Parameter Price=0.01 to Part D1
Added Parameter Price=0.01 to Part D2
Added Parameter Price=0.01 to Part R1
Added Parameter Price=0.01 to Part R2
Added Parameter Price=0.01 to Part R3
Added Parameter Price=0.01 to Part R4
Added Parameter Price=0.01 to Part R5
Added Parameter Price=0.02 to Part P6
Added Parameter Price=0.02 to Part P15
Added Parameter Price=0.03 to Part P11
Added Parameter Price=0.04 to Part P2
Added Parameter Price=0.05 to Part P1
Added Parameter Price=0.05 to Part P3
Added Parameter Price=0.05 to Part P7
Added Parameter Price=0.05 to Part P10
Added Parameter Price=0.05 to Part P13
Added Parameter Price=0.05 to Part P14
Added Parameter Price=0.05 to Part P16
Added Parameter Price=0.05 to Part P17
Added Parameter Price=0.06 to Part P5
Added Parameter Price=0.06 to Part P8
Added Parameter Price=0.07 to Part P4
Added Parameter Price=0.09 to Part P9
Added Parameter Price=0.09 to Part P12
Added Parameter Price=0.18 to Part U1
Added Parameter Price=0.18 to Part U1
Added Parameter Price=0.18 to Part U1
Added Parameter Price=0.18 to Part U1
Added Parameter Price=0.18 to Part U1
Added Parameter Price=0.18 to Part U1
Added Parameter Price=0.18 to Part U2
Added Parameter Price=0.18 to Part U2
Added Parameter Price=0.18 to Part U2
Added Parameter Price=0.18 to Part U2
Added Parameter Price=0.18 to Part U2
Added Parameter Price=0.18 to Part U2
Added Parameter Price=0.18 to Part U4
Added Parameter Price=0.18 to Part U4
Added Parameter Price=0.18 to Part U4
Added Parameter Price=0.18 to Part U4
Added Parameter Price=0.24 to Part VR1
Added Parameter Price=0.24 to Part VR2
Added Parameter Price=0.48 to Part J1
Added Parameter Price=0.48 to Part J2
Added Parameter Price=0.48 to Part J3
Added Parameter Price=0.48 to Part J4
Added Parameter Price=0.48 to Part J5
Added Parameter Vendor=Taydaelectronics to Part D1
Added Parameter Vendor=Taydaelectronics to Part D2
Added Parameter Vendor=Taydaelectronics to Part J1
Added Parameter Vendor=Taydaelectronics to Part J2
Added Parameter Vendor=Taydaelectronics to Part J3
Added Parameter Vendor=Taydaelectronics to Part J4
Added Parameter Vendor=Taydaelectronics to Part J5
Added Parameter Vendor=Taydaelectronics to Part P1
Added Parameter Vendor=Taydaelectronics to Part P2
Added Parameter Vendor=Taydaelectronics to Part P3
Added Parameter Vendor=Taydaelectronics to Part P4
Added Parameter Vendor=Taydaelectronics to Part P5
Added Parameter Vendor=Taydaelectronics to Part P6
Added Parameter Vendor=Taydaelectronics to Part P7
Added Parameter Vendor=Taydaelectronics to Part P8
Added Parameter Vendor=Taydaelectronics to Part P9
Added Parameter Vendor=Taydaelectronics to Part P10
Added Parameter Vendor=Taydaelectronics to Part P11
Added Parameter Vendor=Taydaelectronics to Part P12
Added Parameter Vendor=Taydaelectronics to Part P13
Added Parameter Vendor=Taydaelectronics to Part P14
Added Parameter Vendor=Taydaelectronics to Part P15
Added Parameter Vendor=Taydaelectronics to Part P16
Added Parameter Vendor=Taydaelectronics to Part P17
Added Parameter Vendor=Taydaelectronics to Part R1
Added Parameter Vendor=Taydaelectronics to Part R2
Added Parameter Vendor=Taydaelectronics to Part R3
Added Parameter Vendor=Taydaelectronics to Part R4
Added Parameter Vendor=Taydaelectronics to Part R5
Added Parameter Vendor=Taydaelectronics to Part U1
Added Parameter Vendor=Taydaelectronics to Part U1
Added Parameter Vendor=Taydaelectronics to Part U1
Added Parameter Vendor=Taydaelectronics to Part U1
Added Parameter Vendor=Taydaelectronics to Part U1
Added Parameter Vendor=Taydaelectronics to Part U1
Added Parameter Vendor=Taydaelectronics to Part U2
Added Parameter Vendor=Taydaelectronics to Part U2
Added Parameter Vendor=Taydaelectronics to Part U2
Added Parameter Vendor=Taydaelectronics to Part U2
Added Parameter Vendor=Taydaelectronics to Part U2
Added Parameter Vendor=Taydaelectronics to Part U2
Added Parameter Vendor=Taydaelectronics to Part U4
Added Parameter Vendor=Taydaelectronics to Part U4
Added Parameter Vendor=Taydaelectronics to Part U4
Added Parameter Vendor=Taydaelectronics to Part U4
Added Parameter Vendor=Taydaelectronics to Part VR1
Added Parameter Vendor=Taydaelectronics to Part VR2
