Added Parameter Price=0.01 to Part D10
Added Parameter Price=0.01 to Part R1
Added Parameter Price=0.01 to Part R2
Added Parameter Price=0.01 to Part R3
Added Parameter Price=0.01 to Part R4
Added Parameter Price=0.01 to Part R5
Added Parameter Price=0.01 to Part R6
Added Parameter Price=0.01 to Part R7
Added Parameter Price=0.01 to Part R8
Added Parameter Price=0.01 to Part R9
Added Parameter Price=0.01 to Part R10
Added Parameter Price=0.01 to Part R11
Added Parameter Price=0.01 to Part R12
Added Parameter Price=0.01 to Part R13
Added Parameter Price=0.01 to Part R14
Added Parameter Price=0.01 to Part R15
Added Parameter Price=0.01 to Part R16
Added Parameter Price=0.01 to Part R17
Added Parameter Price=0.01 to Part R18
Added Parameter Price=0.01 to Part R19
Added Parameter Price=0.01 to Part R20
Added Parameter Price=0.01 to Part R21
Added Parameter Price=0.01 to Part R22
Added Parameter Price=0.03 to Part D1
Added Parameter Price=0.03 to Part D2
Added Parameter Price=0.03 to Part D3
Added Parameter Price=0.03 to Part D4
Added Parameter Price=0.03 to Part D5
Added Parameter Price=0.03 to Part D6
Added Parameter Price=0.03 to Part D7
Added Parameter Price=0.03 to Part D8
Added Parameter Price=0.04 to Part D9
Added Parameter Price=0.04 to Part P2
Added Parameter Price=0.06 to Part P1
Added Parameter Price=0.14 to Part U9
Added Parameter Price=0.68 to Part U10
Added Parameter Vendor=Digi-Key to Part U10
Added Parameter Vendor=Taydaelectronics to Part D1
Added Parameter Vendor=Taydaelectronics to Part D2
Added Parameter Vendor=Taydaelectronics to Part D3
Added Parameter Vendor=Taydaelectronics to Part D4
Added Parameter Vendor=Taydaelectronics to Part D5
Added Parameter Vendor=Taydaelectronics to Part D6
Added Parameter Vendor=Taydaelectronics to Part D7
Added Parameter Vendor=Taydaelectronics to Part D8
Added Parameter Vendor=Taydaelectronics to Part D9
Added Parameter Vendor=Taydaelectronics to Part D10
Added Parameter Vendor=Taydaelectronics to Part P1
Added Parameter Vendor=Taydaelectronics to Part P2
Added Parameter Vendor=Taydaelectronics to Part R1
Added Parameter Vendor=Taydaelectronics to Part R2
Added Parameter Vendor=Taydaelectronics to Part R3
Added Parameter Vendor=Taydaelectronics to Part R4
Added Parameter Vendor=Taydaelectronics to Part R5
Added Parameter Vendor=Taydaelectronics to Part R6
Added Parameter Vendor=Taydaelectronics to Part R7
Added Parameter Vendor=Taydaelectronics to Part R8
Added Parameter Vendor=Taydaelectronics to Part R9
Added Parameter Vendor=Taydaelectronics to Part R10
Added Parameter Vendor=Taydaelectronics to Part R11
Added Parameter Vendor=Taydaelectronics to Part R12
Added Parameter Vendor=Taydaelectronics to Part R13
Added Parameter Vendor=Taydaelectronics to Part R14
Added Parameter Vendor=Taydaelectronics to Part R15
Added Parameter Vendor=Taydaelectronics to Part R16
Added Parameter Vendor=Taydaelectronics to Part R17
Added Parameter Vendor=Taydaelectronics to Part R18
Added Parameter Vendor=Taydaelectronics to Part R19
Added Parameter Vendor=Taydaelectronics to Part R20
Added Parameter Vendor=Taydaelectronics to Part R21
Added Parameter Vendor=Taydaelectronics to Part R22
Added Parameter Vendor=Taydaelectronics to Part U9
