Added Parameter Value=2N3904 to Part Q1
Added Parameter Value=2N3904 to Part Q2
Added Parameter Value=2N3904 to Part Q3
Added Parameter Value=2N3904 to Part Q4
Added Parameter Value=2N3904 to Part Q5
Added Parameter Value=2N3904 to Part Q6
Added Parameter Value=2N3904 to Part Q7
Added Parameter Value=2N3904 to Part Q8
Added Parameter Value=2N3904 to Part Q9
Added Parameter Value=2N3904 to Part Q10
Added Parameter Value=Diode 1N4148 to Part D10
Added Parameter Value=Diode 1N5408 to Part D1
Added Parameter Value=Diode 1N5408 to Part D2
Added Parameter Value=Diode 1N5408 to Part D3
Added Parameter Value=Diode 1N5408 to Part D4
Added Parameter Value=Diode 1N5408 to Part D5
Added Parameter Value=Diode 1N5408 to Part D6
Added Parameter Value=Diode 1N5408 to Part D7
Added Parameter Value=Diode 1N5408 to Part D8
Added Parameter Value=Header 4 to Part P2
Added Parameter Value=Header 6 to Part P1
Added Parameter Value=LED0 to Part D9
Added Parameter Value=LM555CN to Part U9
Added Parameter Value=MC74HC194N to Part U10
Added Parameter Value=SN754410NE to Part U11
Added Parameter Value=SN754410NE to Part U11
Added Parameter Value=TIP120 to Part U5
Added Parameter Value=TIP120 to Part U6
Added Parameter Value=TIP120 to Part U7
Added Parameter Value=TIP120 to Part U8
Added Parameter Value=TIP126 to Part U1
Added Parameter Value=TIP126 to Part U2
Added Parameter Value=TIP126 to Part U3
Added Parameter Value=TIP126 to Part U4
