Removed Parameter ComponentLink1Description:LM339 Datasheet from Part U3
Removed Parameter ComponentLink1Description:LM339 Datasheet from Part U3
Removed Parameter ComponentLink1Description:LM339 Datasheet from Part U3
Removed Parameter ComponentLink1Description:LM339 Datasheet from Part U3
Removed Parameter ComponentLink1Description:LM339 Datasheet from Part U5
Removed Parameter ComponentLink1Description:LM339 Datasheet from Part U5
Removed Parameter ComponentLink1Description:LM339 Datasheet from Part U5
Removed Parameter ComponentLink1Description:LM555 Datasheet from Part U1
Removed Parameter ComponentLink1Description:Manufacturer Link from Part D1
Removed Parameter ComponentLink1Description:Manufacturer Link from Part D2
Removed Parameter ComponentLink1Description:Manufacturer Link from Part D3
Removed Parameter ComponentLink1Description:Manufacturer Link from Part D5
Removed Parameter ComponentLink1Description:Manufacturer Link from Part D6
Removed Parameter ComponentLink1Description:Manufacturer Link from Part D7
Removed Parameter ComponentLink1Description:Manufacturer Link from Part D10
Removed Parameter ComponentLink1Description:Manufacturer Link from Part D11
Removed Parameter ComponentLink1Description:Manufacturer Link from Part D13
Removed Parameter ComponentLink1Description:Manufacturer Link from Part U2
Removed Parameter ComponentLink1Description:Manufacturer Link from Part U2
Removed Parameter ComponentLink1Description:Manufacturer Link from Part U2
Removed Parameter ComponentLink1Description:Manufacturer Link from Part U2
Removed Parameter ComponentLink1Description:Manufacturer Link from Part U2
Removed Parameter ComponentLink1Description:Manufacturer Link from Part U2
Removed Parameter ComponentLink1Description:Manufacturer Link from Part U4
Removed Parameter ComponentLink1Description:Manufacturer Link from Part U4
Removed Parameter ComponentLink1Description:Manufacturer Link from Part U4
Removed Parameter ComponentLink1Description:Manufacturer Link from Part U4
Removed Parameter ComponentLink1Description:Manufacturer Link from Part U4
Removed Parameter ComponentLink1Description:Manufacturer Link from Part U4
Removed Parameter ComponentLink1Description:Manufacturer Link from Part U6
Removed Parameter ComponentLink1Description:Manufacturer Link from Part U6
Removed Parameter ComponentLink1Description:Manufacturer Link from Part VR1
Removed Parameter ComponentLink1Description:Manufacturer Link from Part VR2
Removed Parameter ComponentLink1Description:Manufacturer Link from Part VR3
Removed Parameter ComponentLink1Description:Manufacturer Link from Part VR4
Removed Parameter ComponentLink1Description:Manufacturer Link from Part VR5
Removed Parameter ComponentLink1Description:Manufacturer Link from Part VR6
Removed Parameter ComponentLink1Description:Manufacturer Link from Part VR7
Added Parameter Price=0.03 to Part C1
Added Parameter Price=0.03 to Part C2
Added Parameter Price=0.03 to Part C3
Added Parameter Price=0.03 to Part C4
Added Parameter Price=0.03 to Part C5
Added Parameter Price=0.03 to Part C6
Added Parameter Price=0.03 to Part C7
Added Parameter Price=0.03 to Part C8
Added Parameter Price=0.03 to Part C9
Added Parameter Price=0.03 to Part C10
Added Parameter Price=0.03 to Part C11
Added Parameter Price=0.03 to Part C12
Added Parameter Price=0.03 to Part C13
Added Parameter Price=0.03 to Part C14
Added Parameter Price=0.03 to Part C15
Added Parameter Price=0.03 to Part C16
Added Parameter Price=0.03 to Part C17
Added Parameter Price=0.03 to Part C18
Added Parameter Price=0.03 to Part C19
Added Parameter Price=0.03 to Part C20
Added Parameter Price=0.03 to Part C21
Added Parameter Price=0.03 to Part C22
Added Parameter Price=0.03 to Part C23
Added Parameter Price=0.03 to Part C24
Added Parameter Vendor=Taydaelectronics to Part C1
Added Parameter Vendor=Taydaelectronics to Part C2
Added Parameter Vendor=Taydaelectronics to Part C3
Added Parameter Vendor=Taydaelectronics to Part C4
Added Parameter Vendor=Taydaelectronics to Part C5
Added Parameter Vendor=Taydaelectronics to Part C6
Added Parameter Vendor=Taydaelectronics to Part C7
Added Parameter Vendor=Taydaelectronics to Part C8
Added Parameter Vendor=Taydaelectronics to Part C9
Added Parameter Vendor=Taydaelectronics to Part C10
Added Parameter Vendor=Taydaelectronics to Part C11
Added Parameter Vendor=Taydaelectronics to Part C12
Added Parameter Vendor=Taydaelectronics to Part C13
Added Parameter Vendor=Taydaelectronics to Part C14
Added Parameter Vendor=Taydaelectronics to Part C15
Added Parameter Vendor=Taydaelectronics to Part C16
Added Parameter Vendor=Taydaelectronics to Part C17
Added Parameter Vendor=Taydaelectronics to Part C18
Added Parameter Vendor=Taydaelectronics to Part C19
Added Parameter Vendor=Taydaelectronics to Part C20
Added Parameter Vendor=Taydaelectronics to Part C21
Added Parameter Vendor=Taydaelectronics to Part C22
Added Parameter Vendor=Taydaelectronics to Part C23
Added Parameter Vendor=Taydaelectronics to Part C24
