Added Parameter Price=0.3 to Part U
Added Parameter Price=0.26 to Part Q
Added Parameter Price=0.35 to Part Q
Added Parameter Price=1.0 to Part *
Added Parameter Price=4.00 to Part U
Added Parameter Price=7.90 to Part T
Added Parameter Vendor=All Electronics to Part *
Added Parameter Vendor=All Electronics to Implementation PCBLIB PCBComponent_1
Added Parameter Vendor=All Electronics to Part K
Added Parameter Vendor=Digi-Key to Implementation PCBLIB AVR328P-PU
Added Parameter Vendor=Digi-Key to Part U
Added Parameter Vendor=futurlec to Part T
Added Parameter Vendor=N/A to Part U
Added Parameter Vendor=N/A to Part U
Added Parameter Vendor=PJRC to Part Teensy2.0++
Added Parameter Vendor=PJRC to Part U*
Added Parameter Vendor=Taydaelectronics to Implementation PCBLIB DIP4
Added Parameter Vendor=Taydaelectronics to Part U
Added Parameter Vendor=Taydaelectronics to Implementation PCBLIB Octocoupler
Added Parameter Vendor=Taydaelectronics to Implementation PCBLIB Relay - DPDT
Added Parameter Vendor=Taydaelectronics to Implementation PCBLIB RFM12-transceiver
Added Parameter Vendor=Taydaelectronics to Library 
Added Parameter Vendor=Taydaelectronics to Part K
Added Parameter Vendor=Taydaelectronics to Implementation PCBLIB Relay - SPDT
Added Parameter Vendor=Taydaelectronics to Implementation PCBLIB Relay  SPDT
Added Parameter Vendor=Taydaelectronics to Implementation PCBLIB Teensy2.0++
Added Parameter Vendor=Taydaelectronics to Implementation PCBLIB Teensy2.0
Added Parameter Vendor=Taydaelectronics to Part Q
Added Parameter Vendor=Taydaelectronics to Implementation PCBLIB TO-220
Added Parameter Vendor=Taydaelectronics to Part Q
Added Parameter Vendor=Taydaelectronics to Implementation PCBLIB TO-220
