Added Parameter Price=0.01 to Part R1
Added Parameter Price=0.01 to Part R2
Added Parameter Price=0.01 to Part R3
Added Parameter Price=0.01 to Part R4
Added Parameter Price=0.01 to Part R5
Added Parameter Price=0.01 to Part R6
Added Parameter Price=0.01 to Part R7
Added Parameter Price=0.01 to Part R8
Added Parameter Price=0.03 to Part P1
Added Parameter Price=0.03 to Part P3
Added Parameter Price=0.03 to Part P4
Added Parameter Price=0.03 to Part P5
Added Parameter Price=0.03 to Part P6
Added Parameter Price=0.03 to Part P7
Added Parameter Price=0.03 to Part P8
Added Parameter Price=0.03 to Part P9
Added Parameter Price=0.03 to Part P10
Added Parameter Price=0.03 to Part P11
Added Parameter Price=0.04 to Part D1
Added Parameter Price=0.04 to Part D2
Added Parameter Price=0.04 to Part D3
Added Parameter Price=0.04 to Part D4
Added Parameter Price=0.08 to Part P2
Added Parameter Price=0.23 to Part U1
Added Parameter Price=0.23 to Part U2
Added Parameter Vendor=Taydaelectronics to Part D1
Added Parameter Vendor=Taydaelectronics to Part D2
Added Parameter Vendor=Taydaelectronics to Part D3
Added Parameter Vendor=Taydaelectronics to Part D4
Added Parameter Vendor=Taydaelectronics to Part P1
Added Parameter Vendor=Taydaelectronics to Part P2
Added Parameter Vendor=Taydaelectronics to Part P3
Added Parameter Vendor=Taydaelectronics to Part P4
Added Parameter Vendor=Taydaelectronics to Part P5
Added Parameter Vendor=Taydaelectronics to Part P6
Added Parameter Vendor=Taydaelectronics to Part P7
Added Parameter Vendor=Taydaelectronics to Part P8
Added Parameter Vendor=Taydaelectronics to Part P9
Added Parameter Vendor=Taydaelectronics to Part P10
Added Parameter Vendor=Taydaelectronics to Part P11
Added Parameter Vendor=Taydaelectronics to Part R1
Added Parameter Vendor=Taydaelectronics to Part R2
Added Parameter Vendor=Taydaelectronics to Part R3
Added Parameter Vendor=Taydaelectronics to Part R4
Added Parameter Vendor=Taydaelectronics to Part R5
Added Parameter Vendor=Taydaelectronics to Part R6
Added Parameter Vendor=Taydaelectronics to Part R7
Added Parameter Vendor=Taydaelectronics to Part R8
Added Parameter Vendor=Taydaelectronics to Part U1
Added Parameter Vendor=Taydaelectronics to Part U2
