Added Parameter Price=0.01 to Part D1
Added Parameter Price=0.01 to Part D2
Added Parameter Price=0.01 to Part D3
Added Parameter Price=0.01 to Part D4
Added Parameter Price=0.01 to Part D5
Added Parameter Price=0.01 to Part D6
Added Parameter Value=1N4001 to Part D1
Added Parameter Value=1N4001 to Part D2
Added Parameter Value=1N4001 to Part D3
Added Parameter Value=1N4001 to Part D4
Added Parameter Value=1N4001 to Part D5
Added Parameter Value=1N4001 to Part D6
Added Parameter Value=2N3904 to Part Q1
Added Parameter Value=2N3904 to Part Q2
Added Parameter Value=2N3904 to Part Q3
Added Parameter Value=2N3904 to Part Q4
Added Parameter Value=2N3904 to Part Q5
Added Parameter Value=2N3904 to Part Q6
Added Parameter Value=74AC138B to Part U2
Added Parameter Value=D Connector 9 to Part J1
Added Parameter Value=Header 7 to Part P1
Added Parameter Value=LED0 to Part D7
Added Parameter Value=LED0 to Part D8
Added Parameter Value=LED0 to Part D9
Added Parameter Value=LED0 to Part D10
Added Parameter Value=LED0 to Part D11
Added Parameter Value=LED0 to Part D12
Added Parameter Value=SN7416N to Part U1
Added Parameter Value=SN7416N to Part U1
Added Parameter Value=SN7416N to Part U1
Added Parameter Value=SN7416N to Part U1
Added Parameter Value=SN7416N to Part U1
Added Parameter Value=SN7416N to Part U1
Added Parameter Value=SPDT to Part K1
Added Parameter Value=SPDT to Part K2
Added Parameter Value=SPDT to Part K3
Added Parameter Value=SPDT to Part K4
Added Parameter Value=SPDT to Part K5
Added Parameter Value=SPDT to Part K6
Added Parameter Vendor=Taydaelectronics to Part D1
Added Parameter Vendor=Taydaelectronics to Part D2
Added Parameter Vendor=Taydaelectronics to Part D3
Added Parameter Vendor=Taydaelectronics to Part D4
Added Parameter Vendor=Taydaelectronics to Part D5
Added Parameter Vendor=Taydaelectronics to Part D6
