Added Parameter Price=0.01 to Part R1
Added Parameter Price=0.01 to Part R2
Added Parameter Price=0.01 to Part R3
Added Parameter Price=0.01 to Part R4
Added Parameter Price=0.01 to Part R5
Added Parameter Price=0.01 to Part R6
Added Parameter Price=0.01 to Part R7
Added Parameter Price=0.01 to Part R8
Added Parameter Price=0.01 to Part R9
Added Parameter Price=0.01 to Part R10
Added Parameter Price=0.01 to Part R11
Added Parameter Price=0.01 to Part R12
Added Parameter Price=0.01 to Part R13
Added Parameter Price=0.01 to Part R14
Added Parameter Price=0.01 to Part R15
Added Parameter Price=0.01 to Part R16
Added Parameter Price=0.01 to Part R17
Added Parameter Price=0.01 to Part R18
Added Parameter Price=0.01 to Part R19
Added Parameter Price=0.01 to Part R20
Added Parameter Price=0.01 to Part R21
Added Parameter Price=0.01 to Part R22
Added Parameter Price=0.01 to Part R23
Added Parameter Price=0.01 to Part R24
Added Parameter Price=0.01 to Part R25
Added Parameter Price=0.01 to Part R26
Added Parameter Price=0.01 to Part R27
Added Parameter Price=0.01 to Part R28
Added Parameter Price=0.01 to Part R29
Added Parameter Price=0.01 to Part R30
Added Parameter Price=0.01 to Part R31
Added Parameter Price=0.01 to Part R32
Added Parameter Price=0.02 to Part P1
Added Parameter Price=0.02 to Part P2
Added Parameter Price=0.02 to Part P3
Added Parameter Price=0.02 to Part P4
Added Parameter Price=0.02 to Part P5
Added Parameter Price=0.02 to Part P6
Added Parameter Price=0.02 to Part P7
Added Parameter Price=0.02 to Part P8
Added Parameter Price=0.02 to Part P9
Added Parameter Price=0.02 to Part P10
Added Parameter Price=0.02 to Part P12
Added Parameter Price=0.02 to Part P13
Added Parameter Price=0.02 to Part P14
Added Parameter Price=0.02 to Part P15
Added Parameter Price=0.02 to Part P16
Added Parameter Price=0.02 to Part P17
Added Parameter Price=0.02 to Part P18
Added Parameter Price=0.02 to Part P19
Added Parameter Price=0.02 to Part P20
Added Parameter Price=0.02 to Part P21
Added Parameter Price=0.02 to Part P22
Added Parameter Price=0.02 to Part P23
Added Parameter Price=0.02 to Part P24
Added Parameter Price=0.02 to Part P25
Added Parameter Price=0.02 to Part P26
Added Parameter Price=0.02 to Part P27
Added Parameter Price=0.02 to Part P28
Added Parameter Price=0.02 to Part P29
Added Parameter Price=0.02 to Part P30
Added Parameter Price=0.02 to Part P31
Added Parameter Price=0.02 to Part P32
Added Parameter Price=0.02 to Part P33
Added Parameter Price=0.12 to Part P11
Added Parameter Price=0.23 to Part U1
Added Parameter Price=0.23 to Part U2
Added Parameter Price=0.23 to Part U3
Added Parameter Vendor=Taydaelectronics to Part P1
Added Parameter Vendor=Taydaelectronics to Part P2
Added Parameter Vendor=Taydaelectronics to Part P3
Added Parameter Vendor=Taydaelectronics to Part P4
Added Parameter Vendor=Taydaelectronics to Part P5
Added Parameter Vendor=Taydaelectronics to Part P6
Added Parameter Vendor=Taydaelectronics to Part P7
Added Parameter Vendor=Taydaelectronics to Part P8
Added Parameter Vendor=Taydaelectronics to Part P9
Added Parameter Vendor=Taydaelectronics to Part P10
Added Parameter Vendor=Taydaelectronics to Part P11
Added Parameter Vendor=Taydaelectronics to Part P12
Added Parameter Vendor=Taydaelectronics to Part P13
Added Parameter Vendor=Taydaelectronics to Part P14
Added Parameter Vendor=Taydaelectronics to Part P15
Added Parameter Vendor=Taydaelectronics to Part P16
Added Parameter Vendor=Taydaelectronics to Part P17
Added Parameter Vendor=Taydaelectronics to Part P18
Added Parameter Vendor=Taydaelectronics to Part P19
Added Parameter Vendor=Taydaelectronics to Part P20
Added Parameter Vendor=Taydaelectronics to Part P21
Added Parameter Vendor=Taydaelectronics to Part P22
Added Parameter Vendor=Taydaelectronics to Part P23
Added Parameter Vendor=Taydaelectronics to Part P24
Added Parameter Vendor=Taydaelectronics to Part P25
Added Parameter Vendor=Taydaelectronics to Part P26
Added Parameter Vendor=Taydaelectronics to Part P27
Added Parameter Vendor=Taydaelectronics to Part P28
Added Parameter Vendor=Taydaelectronics to Part P29
Added Parameter Vendor=Taydaelectronics to Part P30
Added Parameter Vendor=Taydaelectronics to Part P31
Added Parameter Vendor=Taydaelectronics to Part P32
Added Parameter Vendor=Taydaelectronics to Part P33
Added Parameter Vendor=Taydaelectronics to Part R1
Added Parameter Vendor=Taydaelectronics to Part R2
Added Parameter Vendor=Taydaelectronics to Part R3
Added Parameter Vendor=Taydaelectronics to Part R4
Added Parameter Vendor=Taydaelectronics to Part R5
Added Parameter Vendor=Taydaelectronics to Part R6
Added Parameter Vendor=Taydaelectronics to Part R7
Added Parameter Vendor=Taydaelectronics to Part R8
Added Parameter Vendor=Taydaelectronics to Part R9
Added Parameter Vendor=Taydaelectronics to Part R10
Added Parameter Vendor=Taydaelectronics to Part R11
Added Parameter Vendor=Taydaelectronics to Part R12
Added Parameter Vendor=Taydaelectronics to Part R13
Added Parameter Vendor=Taydaelectronics to Part R14
Added Parameter Vendor=Taydaelectronics to Part R15
Added Parameter Vendor=Taydaelectronics to Part R16
Added Parameter Vendor=Taydaelectronics to Part R17
Added Parameter Vendor=Taydaelectronics to Part R18
Added Parameter Vendor=Taydaelectronics to Part R19
Added Parameter Vendor=Taydaelectronics to Part R20
Added Parameter Vendor=Taydaelectronics to Part R21
Added Parameter Vendor=Taydaelectronics to Part R22
Added Parameter Vendor=Taydaelectronics to Part R23
Added Parameter Vendor=Taydaelectronics to Part R24
Added Parameter Vendor=Taydaelectronics to Part R25
Added Parameter Vendor=Taydaelectronics to Part R26
Added Parameter Vendor=Taydaelectronics to Part R27
Added Parameter Vendor=Taydaelectronics to Part R28
Added Parameter Vendor=Taydaelectronics to Part R29
Added Parameter Vendor=Taydaelectronics to Part R30
Added Parameter Vendor=Taydaelectronics to Part R31
Added Parameter Vendor=Taydaelectronics to Part R32
Added Parameter Vendor=Taydaelectronics to Part U1
Added Parameter Vendor=Taydaelectronics to Part U2
Added Parameter Vendor=Taydaelectronics to Part U3
