Added Parameter Price=0.03 to Part C1
Added Parameter Price=0.03 to Part C2
Added Parameter Price=0.10 to Part P3
Added Parameter Price=0.10 to Part P4
Added Parameter Price=0.10 to Part P5
Added Parameter Value=Header 2 to Part P2
Added Parameter Value=Header 2 to Part P7
Added Parameter Value=Header 2 to Part P8
Added Parameter Value=Header 2 to Part P9
Added Parameter Value=Header 5 to Part P1
Added Parameter Value=Header 7 to Part P6
Added Parameter Value=Header 10 to Part P3
Added Parameter Value=Header 10 to Part P4
Added Parameter Value=Header 10 to Part P5
Added Parameter Value=RFM12 transceiver to Part T1
Added Parameter Value=Teensy2.0 to Part U1
Added Parameter Vendor=Taydaelectronics to Part C1
Added Parameter Vendor=Taydaelectronics to Part C2
Added Parameter Vendor=Taydaelectronics to Part P3
Added Parameter Vendor=Taydaelectronics to Part P4
Added Parameter Vendor=Taydaelectronics to Part P5
