Added Component: Designator=D1(DO-41)
Added Component: Designator=D2(DO-41)
Added Component: Designator=D3(DO-41)
Added Component: Designator=D4(DO-41)
Added Component: Designator=D5(DO-41)
Added Component: Designator=D6(DO-41)
Added Component: Designator=D7(LED-0)
Added Component: Designator=D8(LED-0)
Added Component: Designator=D9(LED-0)
Added Component: Designator=D10(LED-0)
Added Component: Designator=D11(LED-0)
Added Component: Designator=D12(LED-0)
Added Component: Designator=J1(DSUB1.385-2H9)
Added Component: Designator=K1(Relay  SPDT Tayda)
Added Component: Designator=K2(Relay  SPDT Tayda)
Added Component: Designator=K3(Relay  SPDT Tayda)
Added Component: Designator=K4(Relay  SPDT Tayda)
Added Component: Designator=K5(Relay  SPDT Tayda)
Added Component: Designator=K6(Relay  SPDT Tayda)
Added Component: Designator=P1(HDR1X7)
Added Component: Designator=Q1(2N3904)
Added Component: Designator=Q2(2N3904)
Added Component: Designator=Q3(2N3904)
Added Component: Designator=Q4(2N3904)
Added Component: Designator=Q5(2N3904)
Added Component: Designator=Q6(2N3904)
Added Component: Designator=R1(AXIAL-0.3)
Added Component: Designator=R2(AXIAL-0.3)
Added Component: Designator=R3(AXIAL-0.3)
Added Component: Designator=R4(AXIAL-0.3)
Added Component: Designator=R5(AXIAL-0.3)
Added Component: Designator=R6(AXIAL-0.3)
Added Component: Designator=R7(AXIAL-0.3)
Added Component: Designator=R8(AXIAL-0.3)
Added Component: Designator=R9(AXIAL-0.3)
Added Component: Designator=R10(AXIAL-0.3)
Added Component: Designator=R11(AXIAL-0.3)
Added Component: Designator=R12(AXIAL-0.3)
Added Component: Designator=R13(AXIAL-0.3)
Added Component: Designator=R14(AXIAL-0.3)
Added Component: Designator=U1(N014)
Added Component: Designator=U2(DIP16)
Added Pin To Net: NetName=DEMUX_A Pin=P1-3
Added Pin To Net: NetName=DEMUX_A Pin=U2-1
Added Net: Name=DEMUX_A
Added Pin To Net: NetName=DEMUX_B Pin=P1-4
Added Pin To Net: NetName=DEMUX_B Pin=U2-2
Added Net: Name=DEMUX_B
Added Pin To Net: NetName=DEMUX_C Pin=P1-5
Added Pin To Net: NetName=DEMUX_C Pin=U2-3
Added Net: Name=DEMUX_C
Added Pin To Net: NetName=GND Pin=D7-2
Added Pin To Net: NetName=GND Pin=D8-2
Added Pin To Net: NetName=GND Pin=D9-2
Added Pin To Net: NetName=GND Pin=D10-2
Added Pin To Net: NetName=GND Pin=D11-2
Added Pin To Net: NetName=GND Pin=D12-2
Added Pin To Net: NetName=GND Pin=J1-10
Added Pin To Net: NetName=GND Pin=J1-11
Added Pin To Net: NetName=GND Pin=P1-7
Added Pin To Net: NetName=GND Pin=Q1-1
Added Pin To Net: NetName=GND Pin=Q2-1
Added Pin To Net: NetName=GND Pin=Q3-1
Added Pin To Net: NetName=GND Pin=Q4-1
Added Pin To Net: NetName=GND Pin=Q5-1
Added Pin To Net: NetName=GND Pin=Q6-1
Added Pin To Net: NetName=GND Pin=R7-1
Added Pin To Net: NetName=GND Pin=R8-1
Added Pin To Net: NetName=GND Pin=U1-7
Added Pin To Net: NetName=GND Pin=U2-4
Added Pin To Net: NetName=GND Pin=U2-5
Added Pin To Net: NetName=GND Pin=U2-8
Added Net: Name=GND
Added Pin To Net: NetName=NetD1_1 Pin=D1-1
Added Pin To Net: NetName=NetD1_1 Pin=K3-1
Added Pin To Net: NetName=NetD1_1 Pin=Q1-3
Added Net: Name=NetD1_1
Added Pin To Net: NetName=NetD2_1 Pin=D2-1
Added Pin To Net: NetName=NetD2_1 Pin=K1-1
Added Pin To Net: NetName=NetD2_1 Pin=Q2-3
Added Net: Name=NetD2_1
Added Pin To Net: NetName=NetD3_1 Pin=D3-1
Added Pin To Net: NetName=NetD3_1 Pin=K2-1
Added Pin To Net: NetName=NetD3_1 Pin=Q3-3
Added Net: Name=NetD3_1
Added Pin To Net: NetName=NetD4_1 Pin=D4-1
Added Pin To Net: NetName=NetD4_1 Pin=K4-1
Added Pin To Net: NetName=NetD4_1 Pin=Q4-3
Added Net: Name=NetD4_1
Added Pin To Net: NetName=NetD5_1 Pin=D5-1
Added Pin To Net: NetName=NetD5_1 Pin=K5-1
Added Pin To Net: NetName=NetD5_1 Pin=Q5-3
Added Net: Name=NetD5_1
Added Pin To Net: NetName=NetD6_1 Pin=D6-1
Added Pin To Net: NetName=NetD6_1 Pin=K6-1
Added Pin To Net: NetName=NetD6_1 Pin=Q6-3
Added Net: Name=NetD6_1
Added Pin To Net: NetName=NetD7_1 Pin=D7-1
Added Pin To Net: NetName=NetD7_1 Pin=R9-2
Added Net: Name=NetD7_1
Added Pin To Net: NetName=NetD8_1 Pin=D8-1
Added Pin To Net: NetName=NetD8_1 Pin=R10-2
Added Net: Name=NetD8_1
Added Pin To Net: NetName=NetD9_1 Pin=D9-1
Added Pin To Net: NetName=NetD9_1 Pin=R11-2
Added Net: Name=NetD9_1
Added Pin To Net: NetName=NetD10_1 Pin=D10-1
Added Pin To Net: NetName=NetD10_1 Pin=R12-2
Added Net: Name=NetD10_1
Added Pin To Net: NetName=NetD11_1 Pin=D11-1
Added Pin To Net: NetName=NetD11_1 Pin=R13-2
Added Net: Name=NetD11_1
Added Pin To Net: NetName=NetD12_1 Pin=D12-1
Added Pin To Net: NetName=NetD12_1 Pin=R14-2
Added Net: Name=NetD12_1
Added Pin To Net: NetName=NetQ1_2 Pin=Q1-2
Added Pin To Net: NetName=NetQ1_2 Pin=R1-1
Added Net: Name=NetQ1_2
Added Pin To Net: NetName=NetQ2_2 Pin=Q2-2
Added Pin To Net: NetName=NetQ2_2 Pin=R2-1
Added Net: Name=NetQ2_2
Added Pin To Net: NetName=NetQ3_2 Pin=Q3-2
Added Pin To Net: NetName=NetQ3_2 Pin=R3-1
Added Net: Name=NetQ3_2
Added Pin To Net: NetName=NetQ4_2 Pin=Q4-2
Added Pin To Net: NetName=NetQ4_2 Pin=R4-1
Added Net: Name=NetQ4_2
Added Pin To Net: NetName=NetQ5_2 Pin=Q5-2
Added Pin To Net: NetName=NetQ5_2 Pin=R5-1
Added Net: Name=NetQ5_2
Added Pin To Net: NetName=NetQ6_2 Pin=Q6-2
Added Pin To Net: NetName=NetQ6_2 Pin=R6-1
Added Net: Name=NetQ6_2
Added Pin To Net: NetName=NetR7_2 Pin=R7-2
Added Pin To Net: NetName=NetR7_2 Pin=U2-7
Added Net: Name=NetR7_2
Added Pin To Net: NetName=NetR8_2 Pin=R8-2
Added Pin To Net: NetName=NetR8_2 Pin=U2-9
Added Net: Name=NetR8_2
Added Pin To Net: NetName=NetU1_1 Pin=U1-1
Added Pin To Net: NetName=NetU1_1 Pin=U2-15
Added Net: Name=NetU1_1
Added Pin To Net: NetName=NetU1_3 Pin=U1-3
Added Pin To Net: NetName=NetU1_3 Pin=U2-14
Added Net: Name=NetU1_3
Added Pin To Net: NetName=NetU1_5 Pin=U1-5
Added Pin To Net: NetName=NetU1_5 Pin=U2-13
Added Net: Name=NetU1_5
Added Pin To Net: NetName=NetU1_9 Pin=U1-9
Added Pin To Net: NetName=NetU1_9 Pin=U2-12
Added Net: Name=NetU1_9
Added Pin To Net: NetName=NetU1_11 Pin=U1-11
Added Pin To Net: NetName=NetU1_11 Pin=U2-11
Added Net: Name=NetU1_11
Added Pin To Net: NetName=NetU1_13 Pin=U1-13
Added Pin To Net: NetName=NetU1_13 Pin=U2-10
Added Net: Name=NetU1_13
Added Pin To Net: NetName=SPRINKLER_24_AC_VCC Pin=J1-5
Added Pin To Net: NetName=SPRINKLER_24_AC_VCC Pin=K1-3
Added Pin To Net: NetName=SPRINKLER_24_AC_VCC Pin=K2-3
Added Pin To Net: NetName=SPRINKLER_24_AC_VCC Pin=K3-3
Added Pin To Net: NetName=SPRINKLER_24_AC_VCC Pin=K4-3
Added Pin To Net: NetName=SPRINKLER_24_AC_VCC Pin=K5-3
Added Pin To Net: NetName=SPRINKLER_24_AC_VCC Pin=K6-3
Added Net: Name=SPRINKLER_24_AC_VCC
Added Pin To Net: NetName=SPRINKLER_DEMUX_ENABLED Pin=P1-6
Added Pin To Net: NetName=SPRINKLER_DEMUX_ENABLED Pin=U2-6
Added Net: Name=SPRINKLER_DEMUX_ENABLED
Added Pin To Net: NetName=SPRINKLERGND Pin=J1-1
Added Net: Name=SPRINKLERGND
Added Pin To Net: NetName=SPRINKLERSTATION1 Pin=J1-9
Added Pin To Net: NetName=SPRINKLERSTATION1 Pin=K1-0
Added Net: Name=SPRINKLERSTATION1
Added Pin To Net: NetName=SPRINKLERSTATION2 Pin=J1-8
Added Pin To Net: NetName=SPRINKLERSTATION2 Pin=K2-0
Added Net: Name=SPRINKLERSTATION2
Added Pin To Net: NetName=SPRINKLERSTATION3 Pin=J1-7
Added Pin To Net: NetName=SPRINKLERSTATION3 Pin=K3-0
Added Net: Name=SPRINKLERSTATION3
Added Pin To Net: NetName=SPRINKLERSTATION4 Pin=J1-6
Added Pin To Net: NetName=SPRINKLERSTATION4 Pin=K4-0
Added Net: Name=SPRINKLERSTATION4
Added Pin To Net: NetName=SPRINKLERSTATION5 Pin=J1-4
Added Pin To Net: NetName=SPRINKLERSTATION5 Pin=K5-0
Added Net: Name=SPRINKLERSTATION5
Added Pin To Net: NetName=SPRINKLERSTATION6 Pin=J1-3
Added Pin To Net: NetName=SPRINKLERSTATION6 Pin=K6-0
Added Net: Name=SPRINKLERSTATION6
Added Pin To Net: NetName=STATION1TRIGGER Pin=R2-2
Added Pin To Net: NetName=STATION1TRIGGER Pin=R9-1
Added Pin To Net: NetName=STATION1TRIGGER Pin=U1-2
Added Net: Name=STATION1TRIGGER
Added Pin To Net: NetName=STATION2TRIGGER Pin=R3-2
Added Pin To Net: NetName=STATION2TRIGGER Pin=R10-1
Added Pin To Net: NetName=STATION2TRIGGER Pin=U1-4
Added Net: Name=STATION2TRIGGER
Added Pin To Net: NetName=STATION3TRIGGER Pin=R1-2
Added Pin To Net: NetName=STATION3TRIGGER Pin=R11-1
Added Pin To Net: NetName=STATION3TRIGGER Pin=U1-6
Added Net: Name=STATION3TRIGGER
Added Pin To Net: NetName=STATION4TRIGGER Pin=R4-2
Added Pin To Net: NetName=STATION4TRIGGER Pin=R12-1
Added Pin To Net: NetName=STATION4TRIGGER Pin=U1-8
Added Net: Name=STATION4TRIGGER
Added Pin To Net: NetName=STATION5TRIGGER Pin=R5-2
Added Pin To Net: NetName=STATION5TRIGGER Pin=R13-1
Added Pin To Net: NetName=STATION5TRIGGER Pin=U1-10
Added Net: Name=STATION5TRIGGER
Added Pin To Net: NetName=STATION6TRIGGER Pin=R6-2
Added Pin To Net: NetName=STATION6TRIGGER Pin=R14-1
Added Pin To Net: NetName=STATION6TRIGGER Pin=U1-12
Added Net: Name=STATION6TRIGGER
Added Pin To Net: NetName=VCC5 Pin=P1-2
Added Pin To Net: NetName=VCC5 Pin=U2-16
Added Net: Name=VCC5
Added Pin To Net: NetName=VCC12 Pin=D1-2
Added Pin To Net: NetName=VCC12 Pin=D2-2
Added Pin To Net: NetName=VCC12 Pin=D3-2
Added Pin To Net: NetName=VCC12 Pin=D4-2
Added Pin To Net: NetName=VCC12 Pin=D5-2
Added Pin To Net: NetName=VCC12 Pin=D6-2
Added Pin To Net: NetName=VCC12 Pin=K1-2
Added Pin To Net: NetName=VCC12 Pin=K2-2
Added Pin To Net: NetName=VCC12 Pin=K3-2
Added Pin To Net: NetName=VCC12 Pin=K4-2
Added Pin To Net: NetName=VCC12 Pin=K5-2
Added Pin To Net: NetName=VCC12 Pin=K6-2
Added Pin To Net: NetName=VCC12 Pin=P1-1
Added Net: Name=VCC12
Added Pin To Net: NetName=VCC Pin=U1-14
Added Net: Name=VCC
Added Class: Name=SprinklerBoard
Added Room: Name=SprinklerBoard
